生成启动时间为 2020/8/16 20:27:06。
     1>项目“E:\githab代码\C-\Project1\Project1\Project1.vcxproj”在节点 2 上(Rebuild 个目标)。
     1>ClCompile:
         D:\vs\新建文件夹\VC\bin\CL.exe /c /I"D:\Visual Leak Detector\include" /ZI /nologo /W3 /WX- /sdl /Od /Oy- /D _MBCS /Gm /EHsc /RTC1 /MDd /GS /fp:precise /Zc:wchar_t /Zc:forScope /Fo"Debug\\" /Fd"Debug\vc120.pdb" /Gd /TP /analyze- /errorReport:prompt 20200824.cpp day2.cpp day3.cpp day4.cpp day5.cpp day6.cpp day7.cpp day8.cpp test.cpp
         test.cpp
         day8.cpp
         day7.cpp
         day6.cpp
         day5.cpp
         day4.cpp
         day3.cpp
         day2.cpp
         20200824.cpp
     1>e:\githab代码\c-\project1\project1\20200824.cpp(114): error C2065: “v”: 未声明的标识符
     1>e:\githab代码\c-\project1\project1\20200824.cpp(115): warning C4018: “<”: 有符号/无符号不匹配
     1>e:\githab代码\c-\project1\project1\20200824.cpp(122): error C2440: “return”: 无法从“std::string”转换为“int”
                 没有可用于执行该转换的用户定义的转换运算符，或者无法调用该运算符
         正在生成代码...
     1>已完成生成项目“E:\githab代码\C-\Project1\Project1\Project1.vcxproj”(Rebuild 个目标)的操作 - 失败。

生成失败。

已用时间 00:00:01.29
