生成启动时间为 2019/9/3 22:14:39。
     1>项目“E:\githab代码\C-\C_Practice\C_Practice\C_Practice.vcxproj”在节点 2 上(Build 个目标)。
     1>ClCompile:
         D:\vs\新建文件夹\VC\bin\CL.exe /c /I"D:\Visual Leak Detector\include" /ZI /nologo /W3 /WX- /sdl /Od /Oy- /D _MBCS /Gm /EHsc /RTC1 /MDd /GS /fp:precise /Zc:wchar_t /Zc:forScope /Fo"Debug\\" /Fd"Debug\vc120.pdb" /Gd /TC /analyze- /errorReport:prompt main.c
         main.c
     1>e:\githab代码\c-\c_practice\c_practice\main.c(61): warning C4554: “&”: 检查运算符优先级可能存在的错误；使用圆括号阐明优先级
     1>e:\githab代码\c-\c_practice\c_practice\main.c(150): warning C4554: “&”: 检查运算符优先级可能存在的错误；使用圆括号阐明优先级
     1>e:\githab代码\c-\c_practice\c_practice\main.c(178): warning C4554: “&”: 检查运算符优先级可能存在的错误；使用圆括号阐明优先级
     1>e:\githab代码\c-\c_practice\c_practice\main.c(198): warning C4018: “<”: 有符号/无符号不匹配
     1>e:\githab代码\c-\c_practice\c_practice\main.c(203): warning C4018: “<”: 有符号/无符号不匹配
     1>e:\githab代码\c-\c_practice\c_practice\main.c(221): warning C4018: “<”: 有符号/无符号不匹配
     1>e:\githab代码\c-\c_practice\c_practice\main.c(226): warning C4018: “<”: 有符号/无符号不匹配
     1>e:\githab代码\c-\c_practice\c_practice\main.c(250): warning C4047: “==”:“int”与“void *”的间接级别不同
     1>e:\githab代码\c-\c_practice\c_practice\main.c(252): warning C4033: “FindAddMax”必须返回值
     1>e:\githab代码\c-\c_practice\c_practice\main.c(293): warning C4244: “初始化”: 从“double”转换到“int”，可能丢失数据
     1>e:\githab代码\c-\c_practice\c_practice\main.c(372): warning C4554: “&”: 检查运算符优先级可能存在的错误；使用圆括号阐明优先级
     1>e:\githab代码\c-\c_practice\c_practice\main.c(80): warning C4716: “main16”: 必须返回一个值
     1>e:\githab代码\c-\c_practice\c_practice\main.c(157): warning C4715: “fun”: 不是所有的控件路径都返回值
     1>e:\githab代码\c-\c_practice\c_practice\main.c(289): warning C4715: “FindAddMax”: 不是所有的控件路径都返回值
       Link:
         D:\vs\新建文件夹\VC\bin\link.exe /ERRORREPORT:PROMPT /OUT:"E:\githab代码\C-\C_Practice\Debug\C_Practice.exe" /INCREMENTAL /NOLOGO /LIBPATH:"D:\Visual Leak Detector\lib\Win32" kernel32.lib user32.lib gdi32.lib winspool.lib comdlg32.lib advapi32.lib shell32.lib ole32.lib oleaut32.lib uuid.lib odbc32.lib odbccp32.lib /MANIFEST /MANIFESTUAC:"level='asInvoker' uiAccess='false'" /manifest:embed /DEBUG /PDB:"E:\githab代码\C-\C_Practice\Debug\C_Practice.pdb" /TLBID:1 /DYNAMICBASE /NXCOMPAT /IMPLIB:"E:\githab代码\C-\C_Practice\Debug\C_Practice.lib" /MACHINE:X86 Debug\main.obj
         C_Practice.vcxproj -> E:\githab代码\C-\C_Practice\Debug\C_Practice.exe
     1>已完成生成项目“E:\githab代码\C-\C_Practice\C_Practice\C_Practice.vcxproj”(Build 个目标)的操作。

生成成功。

已用时间 00:00:03.11
